GM Secure Chat SM Algorithm Trace Log
CreatedAt: 2026-06-02T15:37:14.868
Conversation: B
ConversationId: 192.168.228.139
LocalNick: A
LocalSM2Fingerprint: 412C:C724:C313:43D6:...
Note: æ¬æä»¶æä¼è¯é¦æ¬¡æ¶æ¯æ¶é´å½åï¼åä¸å¨çº¿ä¼è¯åæç»­è¿½å  SM2/SM3/SM4/ZUC ä¸­é´å¼ãæ ¡éªç»æåå¤±è´¥åå ã


========== 加密发送 / 单聊消息 ==========
Time: 2026-06-02T15:37:14.869
Conversation: B
Summary: hello
----------------------------------------
[2026-06-02 15:37:14.869] ========== 发送加密消息 ==========
[2026-06-02 15:37:14.869] 【发送流水线】明文进入安全管道: "hello"
[2026-06-02 15:37:14.871] [1/5] 目标公钥: 04bd70ab535f325cabe963639e725cc102282ce323f5914daa99eca31bb853cd2a162a919ca19f70164e1c4ec73ea0d0a46588f9ff15d04bca1266f28adb65ab0c
[2026-06-02 15:37:14.873] [SM2] 接收方公钥指纹: 2698:99DF:CB5B:8D8D:...
[2026-06-02 15:37:14.874] [2/5] SM3 消息哈希: becbbfaae6548b8bf0cfcad5a27183cd1be6093b1cceccc303d9c61d0a645268
[2026-06-02 15:37:14.875] [SM3] 明文摘要: becbbfaae6548b8bf0cfcad5a27183cd1be6093b1cceccc303d9c61d0a645268 | 明文长度: 5 字节
[2026-06-02 15:37:14.877] [3/5] SM2 签名: 304602210092b6046f2549df658805878ecf47a1a3de0a84d23a15fe92c9152d067005abac022100f6bde75292041722c8da6ed5287bb3582e83362a1809582575b8a683da84705c
[2026-06-02 15:37:14.878] [SM2] 摘要签名完成: 304602210092b6046f2549df658805878ecf47a1a3de0a84d23a15fe92c9152d067005abac022100f6bde75292041722c8da6ed5287bb3582e83362a1809582575b8a683da84705c | 签名长度: 72 字节
[2026-06-02 15:37:14.879] [RNG] 生成一次性 SM4 会话密钥和 IV: key=12d4ef4a94cd3a0b3d66264c199eba5b iv=f861a04321d073dcdadd9b0e1ce5b0eb
[2026-06-02 15:37:14.885] [4/5] SM4-CBC 加密完成, 密钥经 SM2 封装
[2026-06-02 15:37:14.887] [SM4] CBC 加密完成: 密文长度 16 字节 | cipher=8e924e4d0866944efdb369cf98899d36
[2026-06-02 15:37:14.888] [SM2] 会话密钥封装完成: encKey 长度 123 字节 | encKey=30790220024257e9d5a0105e89ff55c7e43143f055343ed3a209a36edf1d3bf4188e0280022100810da020b6923e335f2482c06064c5d6d16b1d36bffc6d5aa9d28d38504492280420e8f8b0ce96cc845458d1c9c3f30ba94542e286df81272a9a5daacbbd0fd5ab430410b44da997d722263efc2638ea0e18c0bd
[2026-06-02 15:37:14.889] [5/5] 密文已发送 -> 192.168.228.139
[2026-06-02 15:37:14.891] [UDP] 已发送密文 JSON 包 -> 192.168.228.139 | 包大小 598 字节 | 聊天窗口仅显示本地明文副本
Result: 发送成功
========== END ==========

========== 篡改验证 / 消息摘要 ==========
Time: 2026-06-02T15:37:16.940
Conversation: B
Summary: GM tamper lab message
----------------------------------------
[2026-06-02 15:37:16.940] ========== 篡改攻击实验台：消息 ==========
[2026-06-02 15:37:16.941] [1/4] 原始消息 SM3: 088b41375d00d618e4c783af34be9b288be939841ba798ff68c0f38fa6bea507
[2026-06-02 15:37:16.943] [2/4] 攻击者篡改摘要首字节: 528b41375d00d618e4c783af34be9b288be939841ba798ff68c0f38fa6bea507
[2026-06-02 15:37:16.945] [3/4] 原始验签: 通过 | 篡改后验签: 失败
[2026-06-02 15:37:16.946] [4/4] 结论: SM2/SM3 已拦截篡改 | Record fae4ace3f2bf5e64...
Result: 成功：SM2/SM3 拦截篡改
========== END ==========
