GM Secure Chat SM Algorithm Trace Log
CreatedAt: 2026-06-02T15:44:34.987
Conversation: C
ConversationId: 172.20.10.8
LocalNick: A
LocalSM2Fingerprint: 2E75:209A:5050:1817:...
Note: æ¬æä»¶æä¼è¯é¦æ¬¡æ¶æ¯æ¶é´å½åï¼åä¸å¨çº¿ä¼è¯åæç»­è¿½å  SM2/SM3/SM4/ZUC ä¸­é´å¼ãæ ¡éªç»æåå¤±è´¥åå ã


========== 加密发送 / 单聊消息 ==========
Time: 2026-06-02T15:44:34.988
Conversation: C
Summary: 1
----------------------------------------
[2026-06-02 15:44:34.989] ========== 发送加密消息 ==========
[2026-06-02 15:44:34.991] 【发送流水线】明文进入安全管道: "1"
[2026-06-02 15:44:34.992] [1/5] 目标公钥: 049dad345657b9363fb32c468996e56016cd31ea84f2cc5fd9257eb6eef8c089e53d7ddd153d8b8b758fc79c214e384ecefac4a0b20fc6b9ac8c5904ab112ea31c
[2026-06-02 15:44:34.993] [SM2] 接收方公钥指纹: F2D5:6EFA:CA9C:5F85:...
[2026-06-02 15:44:34.993] [2/5] SM3 消息哈希: cbdddb8e8421b23498480570d7d75330538a6882f5dfdc3b64115c647f3328c4
[2026-06-02 15:44:34.994] [SM3] 明文摘要: cbdddb8e8421b23498480570d7d75330538a6882f5dfdc3b64115c647f3328c4 | 明文长度: 1 字节
[2026-06-02 15:44:34.996] [3/5] SM2 签名: 3045022100b311f338c34de1ad2c617da432168ad75b1eb1992a3f55cbae436023c4fb38c902204752529bc853a721fa1cbbadc2d67369a201cf97cea593aa980fc39cad3d40ed
[2026-06-02 15:44:34.998] [SM2] 摘要签名完成: 3045022100b311f338c34de1ad2c617da432168ad75b1eb1992a3f55cbae436023c4fb38c902204752529bc853a721fa1cbbadc2d67369a201cf97cea593aa980fc39cad3d40ed | 签名长度: 71 字节
[2026-06-02 15:44:35.001] [RNG] 生成一次性 SM4 会话密钥和 IV: key=7ca6c84e56d7390560745d86e94ebcfd iv=29112749fdd3fc4c5c0f88068d1e9739
[2026-06-02 15:44:35.005] [4/5] SM4-CBC 加密完成, 密钥经 SM2 封装
[2026-06-02 15:44:35.006] [SM4] CBC 加密完成: 密文长度 16 字节 | cipher=6de85a5ce4165e0645088531db79a04d
[2026-06-02 15:44:35.007] [SM2] 会话密钥封装完成: encKey 长度 123 字节 | encKey=30790220255bcc1ec3aa9dbd8bd0deef54c6463d6f99efdccefac8455835e63ab02213cd022100ae85238eb6683adff535ef3f775020066e81f678fec6df411ec3b24bd20745b704200ad16138eedb7add51a6f42aa48b583fe63dd399e895da15c5e10e520bbdc0d5041084427b1ba6a2f2a9b2c425bf2e50b769
[2026-06-02 15:44:35.008] [5/5] 密文已发送 -> 172.20.10.8
[2026-06-02 15:44:35.010] [UDP] 已发送密文 JSON 包 -> 172.20.10.8 | 包大小 598 字节 | 聊天窗口仅显示本地明文副本
Result: 发送成功
========== END ==========

========== 加密发送 / 单聊消息 ==========
Time: 2026-06-02T15:44:48.738
Conversation: C
Summary: 1
----------------------------------------
[2026-06-02 15:44:48.739] ========== 发送加密消息 ==========
[2026-06-02 15:44:48.740] 【发送流水线】明文进入安全管道: "1"
[2026-06-02 15:44:48.742] [1/5] 目标公钥: 049dad345657b9363fb32c468996e56016cd31ea84f2cc5fd9257eb6eef8c089e53d7ddd153d8b8b758fc79c214e384ecefac4a0b20fc6b9ac8c5904ab112ea31c
[2026-06-02 15:44:48.743] [SM2] 接收方公钥指纹: F2D5:6EFA:CA9C:5F85:...
[2026-06-02 15:44:48.743] [2/5] SM3 消息哈希: cbdddb8e8421b23498480570d7d75330538a6882f5dfdc3b64115c647f3328c4
[2026-06-02 15:44:48.745] [SM3] 明文摘要: cbdddb8e8421b23498480570d7d75330538a6882f5dfdc3b64115c647f3328c4 | 明文长度: 1 字节
[2026-06-02 15:44:48.746] [3/5] SM2 签名: 3045022056ff541c5968a8289659893826b4257117c28ac4b16d2c2bebf8da51ff2e323702210090cf02d4fd61f7fc20bb4d857ca4f8f67897fec64fd0be242b6e235e5c12d8c6
[2026-06-02 15:44:48.747] [SM2] 摘要签名完成: 3045022056ff541c5968a8289659893826b4257117c28ac4b16d2c2bebf8da51ff2e323702210090cf02d4fd61f7fc20bb4d857ca4f8f67897fec64fd0be242b6e235e5c12d8c6 | 签名长度: 71 字节
[2026-06-02 15:44:48.749] [RNG] 生成一次性 SM4 会话密钥和 IV: key=0508b666a35008396b9b8bd97d9fa34c iv=a35600351f08d404f340d2738e052cff
[2026-06-02 15:44:48.751] [4/5] SM4-CBC 加密完成, 密钥经 SM2 封装
[2026-06-02 15:44:48.753] [SM4] CBC 加密完成: 密文长度 16 字节 | cipher=87154f0b284d2e0b42ca125022990d73
[2026-06-02 15:44:48.754] [SM2] 会话密钥封装完成: encKey 长度 122 字节 | encKey=3078022031ecf8d8f956841d60baf8de9160ca954c623cf7771339065b6732f60c7ef2ef02201d4273dc39a82db0ae1e2fff5dddc6c85687f6ca21c718caed4a4463e086f5d304209c2a24b2a5fe511268c128531ec22c0a0014f862ac07d2d63d96800a2e527a2a04107054ba6cc4581f1d67b4debc5c5256e4
[2026-06-02 15:44:48.756] [5/5] 密文已发送 -> 172.20.10.8
[2026-06-02 15:44:48.757] [UDP] 已发送密文 JSON 包 -> 172.20.10.8 | 包大小 598 字节 | 聊天窗口仅显示本地明文副本
Result: 发送成功
========== END ==========

========== 篡改验证 / 消息摘要 ==========
Time: 2026-06-02T15:44:50.807
Conversation: C
Summary: GM tamper lab message
----------------------------------------
[2026-06-02 15:44:50.808] ========== 篡改攻击实验台：消息 ==========
[2026-06-02 15:44:50.809] [1/4] 原始消息 SM3: 088b41375d00d618e4c783af34be9b288be939841ba798ff68c0f38fa6bea507
[2026-06-02 15:44:50.811] [2/4] 攻击者篡改摘要首字节: 528b41375d00d618e4c783af34be9b288be939841ba798ff68c0f38fa6bea507
[2026-06-02 15:44:50.811] [3/4] 原始验签: 通过 | 篡改后验签: 失败
[2026-06-02 15:44:50.812] [4/4] 结论: SM2/SM3 已拦截篡改 | Record 581ae67397d37429...
Result: 成功：SM2/SM3 拦截篡改
========== END ==========
