GM Secure Chat SM Algorithm Trace Log
CreatedAt: 2026-06-02T15:40:47.649
Conversation: B
ConversationId: 192.168.228.139
LocalNick: A
LocalSM2Fingerprint: 412C:C724:C313:43D6:...
Note: æ¬æä»¶æä¼è¯é¦æ¬¡æ¶æ¯æ¶é´å½åï¼åä¸å¨çº¿ä¼è¯åæç»­è¿½å  SM2/SM3/SM4/ZUC ä¸­é´å¼ãæ ¡éªç»æåå¤±è´¥åå ã


========== 加密发送 / 单聊消息 ==========
Time: 2026-06-02T15:40:47.650
Conversation: B
Summary: 你好
----------------------------------------
[2026-06-02 15:40:47.660] ========== 发送加密消息 ==========
[2026-06-02 15:40:47.660] 【发送流水线】明文进入安全管道: "你好"
[2026-06-02 15:40:47.662] [1/5] 目标公钥: 04bd70ab535f325cabe963639e725cc102282ce323f5914daa99eca31bb853cd2a162a919ca19f70164e1c4ec73ea0d0a46588f9ff15d04bca1266f28adb65ab0c
[2026-06-02 15:40:47.663] [SM2] 接收方公钥指纹: 2698:99DF:CB5B:8D8D:...
[2026-06-02 15:40:47.664] [2/5] SM3 消息哈希: 78e5c78c5322ca174089e58dc7790acf8ce9d542bee6ae4a5a0797d5e356be61
[2026-06-02 15:40:47.665] [SM3] 明文摘要: 78e5c78c5322ca174089e58dc7790acf8ce9d542bee6ae4a5a0797d5e356be61 | 明文长度: 6 字节
[2026-06-02 15:40:47.670] [3/5] SM2 签名: 3044022038ca8a8842bfa55d2e60f166e4ff100c4b6cf5782b287a7846d4fa10b2f95a2802205e13159432ba399df449b25a2978492ddb8215de5a2ad74c1e7c2099c624e57b
[2026-06-02 15:40:47.671] [SM2] 摘要签名完成: 3044022038ca8a8842bfa55d2e60f166e4ff100c4b6cf5782b287a7846d4fa10b2f95a2802205e13159432ba399df449b25a2978492ddb8215de5a2ad74c1e7c2099c624e57b | 签名长度: 70 字节
[2026-06-02 15:40:47.671] [RNG] 生成一次性 SM4 会话密钥和 IV: key=cbaa1e283c7840b5d1e2995bdb921ad4 iv=1b621f535e4b7a7d77cdcc28b912c25d
[2026-06-02 15:40:47.674] [4/5] SM4-CBC 加密完成, 密钥经 SM2 封装
[2026-06-02 15:40:47.675] [SM4] CBC 加密完成: 密文长度 16 字节 | cipher=539238ed16e2fa722a8738090c83b94e
[2026-06-02 15:40:47.676] [SM2] 会话密钥封装完成: encKey 长度 123 字节 | encKey=3079022100cf0b62be64cbd22ca557e9e9cdef30d0c8acd6090da4734943e6d4bbb3f6cf520220540ac09e2577d68da788890485044568cf2807ed98df50e6540ab4263d60ddf4042039a448219144016e99851bd3e7a0f60b9cef925fd7a6ba2bb5d0967e5a179bb00410485d4d97a9e9f06262063d63209f05c2
[2026-06-02 15:40:47.678] [5/5] 密文已发送 -> 192.168.228.139
[2026-06-02 15:40:47.679] [UDP] 已发送密文 JSON 包 -> 192.168.228.139 | 包大小 598 字节 | 聊天窗口仅显示本地明文副本
Result: 发送成功
========== END ==========

========== 解密接收 / 聊天消息 ==========
Time: 2026-06-02T15:41:12.855
Conversation: B
Summary: UDP密文包 602 字节
----------------------------------------
[2026-06-02 15:41:12.865] ========== 接收加密消息 ==========
[2026-06-02 15:41:12.866] 【接收流水线】收到 UDP 数据包: 602 字节，开始解析安全字段
[2026-06-02 15:41:12.867] [1/6] 收到密文，来自: B (192.168.228.139)
[2026-06-02 15:41:12.867] [UDP] 密文包来源: B (192.168.228.139)
[2026-06-02 15:41:12.870] [2/6] SM2 解密会话密钥: 5e6222b3f91f54f529b8601860e0f8fe
[2026-06-02 15:41:12.871] [SM2] 解封会话密钥成功: encKey=307a022100b5cb76a5609aae012613e6def33a0194e14888b13083586a8736b75049ff6cc00221009ab65207fb147a3909f13d6fb81dd5329141d43a9a7b9f1aa908ef511184eb2404203c71ceb7d42b701109a9d399576d4c0937135684601e175edfa938d9fbb8711d0410bec63ff543cab8fc43a6dbe4c07f52cc | sm4Key=5e6222b3f91f54f529b8601860e0f8fe
[2026-06-02 15:41:12.871] [SM4] 准备解密: cipher=b303d5fdf30c7186f2ce071105ee3077 | 密文长度 16 字节 | iv=4e678cfe1135c90c57369ca12e1525fd
[2026-06-02 15:41:12.875] [3/6] SM4-CBC 解密完成, 明文长度: 3 字节
[2026-06-02 15:41:12.876] [SM4] 解密得到明文: "123" | 明文长度 3 字节
[2026-06-02 15:41:12.876] [4/6] SM3 计算消息哈希: 6e0f9e14344c5406a0cf5a3b4dfb665f87f4a771a31f7edbb5c72874a32b2957
[2026-06-02 15:41:12.877] [SM3] 本地重新计算摘要: 6e0f9e14344c5406a0cf5a3b4dfb665f87f4a771a31f7edbb5c72874a32b2957
[2026-06-02 15:41:12.878] [5/6] 哈希校验: 一致
[2026-06-02 15:41:12.878]       本地: 6e0f9e14344c5406a0cf5a3b4dfb665f87f4a771a31f7edbb5c72874a32b2957
[2026-06-02 15:41:12.879]       收到: 6e0f9e14344c5406a0cf5a3b4dfb665f87f4a771a31f7edbb5c72874a32b2957
[2026-06-02 15:41:12.880] [SM3] 完整性校验: 通过，消息未被篡改
[2026-06-02 15:41:12.880] [SM2] 收到签名: 30450220201bf4bbf182ea4b9b5b48b84762a367bb955e8c91cbf11709fcc9fa57599e32022100ad20b7a330028d05cd38f7e194b029fc4a4d372c2894399e48d1161adc8b317d | 签名长度: 71 字节
[2026-06-02 15:41:12.883] [6/6] SM2 验签: 失败!
[2026-06-02 15:41:12.883] [SM2] 发送者验签: 失败，身份不可信 | 发送方公钥指纹: 2698:99DF:CB5B:8D8D:...
[2026-06-02 15:41:12.884] [拦截] 消息完整性或身份校验失败，未进入聊天窗口
[2026-06-02 15:41:12.885] [拦截] 安全校验未通过，消息不会显示到聊天窗口
Result: 接收处理完成，详见 SM3/SM2 校验结果
========== END ==========
